execve("./fconc", ["./fconc", "in1.txt", "in2.txt"], [/* 20 vars */]) = 0 <0.000251>
brk(0)                                  = 0x1ec8000 <0.000011>
access("/etc/ld.so.nohwcap", F_OK)      = -1 ENOENT (No such file or directory) <0.000013>
mmap(NULL, 8192, PROT_READ|PROT_WRITE, MAP_PRIVATE|MAP_ANONYMOUS, -1, 0) = 0x7fe8ccdb6000 <0.000010>
access("/etc/ld.so.preload", R_OK)      = -1 ENOENT (No such file or directory) <0.000010>
open("/etc/ld.so.cache", O_RDONLY|O_CLOEXEC) = 3 <0.000013>
fstat(3, {st_mode=S_IFREG|0644, st_size=29766, ...}) = 0 <0.000009>
mmap(NULL, 29766, PROT_READ, MAP_PRIVATE, 3, 0) = 0x7fe8ccdae000 <0.000009>
close(3)                                = 0 <0.000008>
access("/etc/ld.so.nohwcap", F_OK)      = -1 ENOENT (No such file or directory) <0.000010>
open("/lib/x86_64-linux-gnu/libc.so.6", O_RDONLY|O_CLOEXEC) = 3 <0.000014>
read(3, "\177ELF\2\1\1\3\0\0\0\0\0\0\0\0\3\0>\0\1\0\0\0P\34\2\0\0\0\0\0"..., 832) = 832 <0.000009>
fstat(3, {st_mode=S_IFREG|0755, st_size=1738176, ...}) = 0 <0.000008>
mmap(NULL, 3844640, PROT_READ|PROT_EXEC, MAP_PRIVATE|MAP_DENYWRITE, 3, 0) = 0x7fe8cc7ed000 <0.000012>
mprotect(0x7fe8cc98e000, 2097152, PROT_NONE) = 0 <0.000019>
mmap(0x7fe8ccb8e000, 24576, PROT_READ|PROT_WRITE, MAP_PRIVATE|MAP_FIXED|MAP_DENYWRITE, 3, 0x1a1000) = 0x7fe8ccb8e000 <0.000014>
mmap(0x7fe8ccb94000, 14880, PROT_READ|PROT_WRITE, MAP_PRIVATE|MAP_FIXED|MAP_ANONYMOUS, -1, 0) = 0x7fe8ccb94000 <0.000011>
close(3)                                = 0 <0.000008>
mmap(NULL, 4096, PROT_READ|PROT_WRITE, MAP_PRIVATE|MAP_ANONYMOUS, -1, 0) = 0x7fe8ccdad000 <0.000009>
mmap(NULL, 4096, PROT_READ|PROT_WRITE, MAP_PRIVATE|MAP_ANONYMOUS, -1, 0) = 0x7fe8ccdac000 <0.000010>
mmap(NULL, 4096, PROT_READ|PROT_WRITE, MAP_PRIVATE|MAP_ANONYMOUS, -1, 0) = 0x7fe8ccdab000 <0.000009>
arch_prctl(ARCH_SET_FS, 0x7fe8ccdac700) = 0 <0.000008>
mprotect(0x7fe8ccb8e000, 16384, PROT_READ) = 0 <0.000012>
mprotect(0x7fe8ccdb8000, 4096, PROT_READ) = 0 <0.000013>
munmap(0x7fe8ccdae000, 29766)           = 0 <0.000016>
open("in1.txt", O_RDONLY)               = 3 <0.000012>
open("in2.txt", O_RDONLY)               = 4 <0.000011>
open("fconc.out", O_WRONLY|O_CREAT|O_APPEND, 0666) = 5 <0.000013>
read(3, "This is a test!\n", 1024)      = 16 <0.000009>
write(5, "This is a test!\n", 16)       = 16 <0.000020>
read(3, "", 1024)                       = 0 <0.000008>
read(4, "This is fun!\n", 1024)         = 13 <0.000009>
write(5, "This is fun!\n", 13)          = 13 <0.000012>
read(4, "", 1024)                       = 0 <0.000008>
close(3)                                = 0 <0.000009>
close(4)                                = 0 <0.000009>
close(5)                                = 0 <0.000009>
exit_group(0)                           = ?
+++ exited with 0 +++
% time     seconds  usecs/call     calls    errors syscall
------ ----------- ----------- --------- --------- ----------------
  0.00    0.000000           0         5           read
  0.00    0.000000           0         2           write
  0.00    0.000000           0         5           open
  0.00    0.000000           0         5           close
  0.00    0.000000           0         2           fstat
  0.00    0.000000           0         8           mmap
  0.00    0.000000           0         3           mprotect
  0.00    0.000000           0         1           munmap
  0.00    0.000000           0         1           brk
  0.00    0.000000           0         3         3 access
  0.00    0.000000           0         1           execve
  0.00    0.000000           0         1           arch_prctl
------ ----------- ----------- --------- --------- ----------------
100.00    0.000000                    37         3 total
